[35468:10264:0525/205844.776:WARNING:t_skinfilemap.cpp(56)] SGRenderLog:CheckUpdate newMem.OpenMem failed, szNewMem:Local\sgime_skin.v3.filemap.sogouime err:系统错误2: 系统找不到指定的文件。  
打开Filemap失败: Local\sgime_skin.v3.filemap.sogouime3285cbaaa57
[35468:10264:0525/205844.776:WARNING:t_skinfilemap.cpp(65)] SGRenderLog:CheckUpdate finish: old version:1
[35468:10264:0525/205844.776:WARNING:t_skinfilemap.cpp(67)] SGRenderLog:CheckUpdate finish: new version:3
[36792:18808:0525/210027.144:WARNING:t_skinfilemap.cpp(63)] SGRenderLog:CheckUpdate newMem.OpenMem Suc, szNewMem:Local\sgime_skin.v3.filemap.sogouime
[36792:18808:0525/210027.145:WARNING:t_skinfilemap.cpp(65)] SGRenderLog:CheckUpdate finish: old version:1
[36792:18808:0525/210027.146:WARNING:t_skinfilemap.cpp(67)] SGRenderLog:CheckUpdate finish: new version:3
[44400:43236:0525/213449.797:WARNING:t_skinfilemap.cpp(63)] SGRenderLog:CheckUpdate newMem.OpenMem Suc, szNewMem:Local\sgime_skin.v3.filemap.sogouime
[44400:43236:0525/213449.797:WARNING:t_skinfilemap.cpp(65)] SGRenderLog:CheckUpdate finish: old version:1
[44400:43236:0525/213449.797:WARNING:t_skinfilemap.cpp(67)] SGRenderLog:CheckUpdate finish: new version:3
[30928:32092:0525/214022.307:WARNING:t_skinfilemap.cpp(56)] SGRenderLog:CheckUpdate newMem.OpenMem failed, szNewMem:Local\sgime_skin.v3.filemap.sogouime err:系统错误2: 系统找不到指定的文件。  
打开Filemap失败: Local\sgime_skin.v3.filemap.sogouime3285cbaaa57
[30928:32092:0525/214022.307:WARNING:t_skinfilemap.cpp(65)] SGRenderLog:CheckUpdate finish: old version:1
[30928:32092:0525/214022.307:WARNING:t_skinfilemap.cpp(67)] SGRenderLog:CheckUpdate finish: new version:3
[3868:21544:0525/214128.667:WARNING:t_skinfilemap.cpp(56)] SGRenderLog:CheckUpdate newMem.OpenMem failed, szNewMem:Local\sgime_skin.v3.filemap.sogouime err:系统错误2: 系统找不到指定的文件。  
打开Filemap失败: Local\sgime_skin.v3.filemap.sogouime3285cbaaa57
[3868:21544:0525/214128.667:WARNING:t_skinfilemap.cpp(65)] SGRenderLog:CheckUpdate finish: old version:1
[3868:21544:0525/214128.667:WARNING:t_skinfilemap.cpp(67)] SGRenderLog:CheckUpdate finish: new version:3
[45488:21708:0525/214349.107:WARNING:t_skinfilemap.cpp(56)] SGRenderLog:CheckUpdate newMem.OpenMem failed, szNewMem:Local\sgime_skin.v3.filemap.sogouime err:系统错误2: 系统找不到指定的文件。  
打开Filemap失败: Local\sgime_skin.v3.filemap.sogouime3285cbaaa57
[45488:21708:0525/214349.107:WARNING:t_skinfilemap.cpp(65)] SGRenderLog:CheckUpdate finish: old version:1
[45488:21708:0525/214349.107:WARNING:t_skinfilemap.cpp(67)] SGRenderLog:CheckUpdate finish: new version:3
[23976:43860:0525/214441.083:WARNING:t_skinfilemap.cpp(56)] SGRenderLog:CheckUpdate newMem.OpenMem failed, szNewMem:Local\sgime_skin.v3.filemap.sogouime err:系统错误2: 系统找不到指定的文件。  
打开Filemap失败: Local\sgime_skin.v3.filemap.sogouime3285cbaaa57
[23976:43860:0525/214441.083:WARNING:t_skinfilemap.cpp(65)] SGRenderLog:CheckUpdate finish: old version:1
[23976:43860:0525/214441.083:WARNING:t_skinfilemap.cpp(67)] SGRenderLog:CheckUpdate finish: new version:3
[20868:42352:0525/214749.476:WARNING:t_skinfilemap.cpp(63)] SGRenderLog:CheckUpdate newMem.OpenMem Suc, szNewMem:Local\sgime_skin.v3.filemap.sogouime
[20868:42352:0525/214749.476:WARNING:t_skinfilemap.cpp(65)] SGRenderLog:CheckUpdate finish: old version:1
[20868:42352:0525/214749.476:WARNING:t_skinfilemap.cpp(67)] SGRenderLog:CheckUpdate finish: new version:3
[7480:22464:0525/215023.231:WARNING:t_skinfilemap.cpp(56)] SGRenderLog:CheckUpdate newMem.OpenMem failed, szNewMem:Local\sgime_skin.v3.filemap.sogouime err:系统错误2: 系统找不到指定的文件。  
打开Filemap失败: Local\sgime_skin.v3.filemap.sogouime3285cbaaa57
[7480:22464:0525/215023.231:WARNING:t_skinfilemap.cpp(65)] SGRenderLog:CheckUpdate finish: old version:1
[7480:22464:0525/215023.231:WARNING:t_skinfilemap.cpp(67)] SGRenderLog:CheckUpdate finish: new version:3
[13576:13456:0525/215137.299:WARNING:t_skinfilemap.cpp(56)] SGRenderLog:CheckUpdate newMem.OpenMem failed, szNewMem:Local\sgime_skin.v3.filemap.sogouime err:系统错误2: 系统找不到指定的文件。  
打开Filemap失败: Local\sgime_skin.v3.filemap.sogouime3285cbaaa57
[13576:13456:0525/215137.299:WARNING:t_skinfilemap.cpp(65)] SGRenderLog:CheckUpdate finish: old version:1
[13576:13456:0525/215137.299:WARNING:t_skinfilemap.cpp(67)] SGRenderLog:CheckUpdate finish: new version:3
[28276:18308:0525/215513.257:WARNING:t_skinfilemap.cpp(56)] SGRenderLog:CheckUpdate newMem.OpenMem failed, szNewMem:Local\sgime_skin.v3.filemap.sogouime err:系统错误2: 系统找不到指定的文件。  
打开Filemap失败: Local\sgime_skin.v3.filemap.sogouime3285cbaaa57
[28276:18308:0525/215513.257:WARNING:t_skinfilemap.cpp(65)] SGRenderLog:CheckUpdate finish: old version:1
[28276:18308:0525/215513.257:WARNING:t_skinfilemap.cpp(67)] SGRenderLog:CheckUpdate finish: new version:3
[29152:15076:0525/220217.888:WARNING:t_skinfilemap.cpp(56)] SGRenderLog:CheckUpdate newMem.OpenMem failed, szNewMem:Local\sgime_skin.v3.filemap.sogouime err:系统错误2: 系统找不到指定的文件。  
打开Filemap失败: Local\sgime_skin.v3.filemap.sogouime3285cbaaa57
[29152:15076:0525/220217.888:WARNING:t_skinfilemap.cpp(65)] SGRenderLog:CheckUpdate finish: old version:1
[29152:15076:0525/220217.888:WARNING:t_skinfilemap.cpp(67)] SGRenderLog:CheckUpdate finish: new version:3
[22768:4380:0525/221043.045:WARNING:t_skinfilemap.cpp(56)] SGRenderLog:CheckUpdate newMem.OpenMem failed, szNewMem:Local\sgime_skin.v3.filemap.sogouime err:系统错误2: 系统找不到指定的文件。  
打开Filemap失败: Local\sgime_skin.v3.filemap.sogouime3285cbaaa57
[22768:4380:0525/221043.045:WARNING:t_skinfilemap.cpp(65)] SGRenderLog:CheckUpdate finish: old version:1
[22768:4380:0525/221043.045:WARNING:t_skinfilemap.cpp(67)] SGRenderLog:CheckUpdate finish: new version:3
[39332:32160:0525/221935.701:WARNING:t_skinfilemap.cpp(56)] SGRenderLog:CheckUpdate newMem.OpenMem failed, szNewMem:Local\sgime_skin.v3.filemap.sogouime err:系统错误2: 系统找不到指定的文件。  
打开Filemap失败: Local\sgime_skin.v3.filemap.sogouime3285cbaaa57
[39332:32160:0525/221935.701:WARNING:t_skinfilemap.cpp(65)] SGRenderLog:CheckUpdate finish: old version:1
[39332:32160:0525/221935.701:WARNING:t_skinfilemap.cpp(67)] SGRenderLog:CheckUpdate finish: new version:3
[4252:42612:0525/222220.351:WARNING:t_skinfilemap.cpp(56)] SGRenderLog:CheckUpdate newMem.OpenMem failed, szNewMem:Local\sgime_skin.v3.filemap.sogouime err:系统错误2: 系统找不到指定的文件。  
打开Filemap失败: Local\sgime_skin.v3.filemap.sogouime3285cbaaa57
[4252:42612:0525/222220.351:WARNING:t_skinfilemap.cpp(65)] SGRenderLog:CheckUpdate finish: old version:1
[4252:42612:0525/222220.351:WARNING:t_skinfilemap.cpp(67)] SGRenderLog:CheckUpdate finish: new version:3
[39668:42496:0525/222349.896:WARNING:t_skinfilemap.cpp(56)] SGRenderLog:CheckUpdate newMem.OpenMem failed, szNewMem:Local\sgime_skin.v3.filemap.sogouime err:系统错误2: 系统找不到指定的文件。  
打开Filemap失败: Local\sgime_skin.v3.filemap.sogouime3285cbaaa57
[39668:42496:0525/222349.896:WARNING:t_skinfilemap.cpp(65)] SGRenderLog:CheckUpdate finish: old version:1
[39668:42496:0525/222349.896:WARNING:t_skinfilemap.cpp(67)] SGRenderLog:CheckUpdate finish: new version:3
[10140:6552:0525/222746.903:WARNING:t_skinfilemap.cpp(63)] SGRenderLog:CheckUpdate newMem.OpenMem Suc, szNewMem:Local\sgime_skin.v3.filemap.sogouime
[10140:6552:0525/222746.903:WARNING:t_skinfilemap.cpp(65)] SGRenderLog:CheckUpdate finish: old version:1
[10140:6552:0525/222746.903:WARNING:t_skinfilemap.cpp(67)] SGRenderLog:CheckUpdate finish: new version:3
[32488:26032:0525/222825.885:WARNING:t_skinfilemap.cpp(63)] SGRenderLog:CheckUpdate newMem.OpenMem Suc, szNewMem:Local\sgime_skin.v3.filemap.sogouime
[32488:26032:0525/222825.885:WARNING:t_skinfilemap.cpp(65)] SGRenderLog:CheckUpdate finish: old version:1
[32488:26032:0525/222825.885:WARNING:t_skinfilemap.cpp(67)] SGRenderLog:CheckUpdate finish: new version:3
[14880:25500:0525/223316.484:WARNING:t_skinfilemap.cpp(63)] SGRenderLog:CheckUpdate newMem.OpenMem Suc, szNewMem:Local\sgime_skin.v3.filemap.sogouime
[14880:25500:0525/223316.484:WARNING:t_skinfilemap.cpp(65)] SGRenderLog:CheckUpdate finish: old version:1
[14880:25500:0525/223316.484:WARNING:t_skinfilemap.cpp(67)] SGRenderLog:CheckUpdate finish: new version:3
[26972:20288:0525/223617.793:WARNING:t_skinfilemap.cpp(63)] SGRenderLog:CheckUpdate newMem.OpenMem Suc, szNewMem:Local\sgime_skin.v3.filemap.sogouime
[26972:20288:0525/223617.793:WARNING:t_skinfilemap.cpp(65)] SGRenderLog:CheckUpdate finish: old version:1
[26972:20288:0525/223617.793:WARNING:t_skinfilemap.cpp(67)] SGRenderLog:CheckUpdate finish: new version:3
[44156:28980:0525/224730.737:WARNING:t_skinfilemap.cpp(63)] SGRenderLog:CheckUpdate newMem.OpenMem Suc, szNewMem:Local\sgime_skin.v3.filemap.sogouime
[44156:28980:0525/224730.737:WARNING:t_skinfilemap.cpp(65)] SGRenderLog:CheckUpdate finish: old version:1
[44156:28980:0525/224730.737:WARNING:t_skinfilemap.cpp(67)] SGRenderLog:CheckUpdate finish: new version:3
[45852:4128:0525/225003.353:WARNING:t_skinfilemap.cpp(63)] SGRenderLog:CheckUpdate newMem.OpenMem Suc, szNewMem:Local\sgime_skin.v3.filemap.sogouime
[45852:4128:0525/225003.353:WARNING:t_skinfilemap.cpp(65)] SGRenderLog:CheckUpdate finish: old version:1
[45852:4128:0525/225003.353:WARNING:t_skinfilemap.cpp(67)] SGRenderLog:CheckUpdate finish: new version:3
[40124:12852:0525/225056.145:WARNING:t_skinfilemap.cpp(63)] SGRenderLog:CheckUpdate newMem.OpenMem Suc, szNewMem:Local\sgime_skin.v3.filemap.sogouime
[40124:12852:0525/225056.145:WARNING:t_skinfilemap.cpp(65)] SGRenderLog:CheckUpdate finish: old version:1
[40124:12852:0525/225056.145:WARNING:t_skinfilemap.cpp(67)] SGRenderLog:CheckUpdate finish: new version:3
[9800:11612:0525/225154.931:WARNING:t_skinfilemap.cpp(63)] SGRenderLog:CheckUpdate newMem.OpenMem Suc, szNewMem:Local\sgime_skin.v3.filemap.sogouime
[9800:11612:0525/225154.931:WARNING:t_skinfilemap.cpp(65)] SGRenderLog:CheckUpdate finish: old version:1
[9800:11612:0525/225154.931:WARNING:t_skinfilemap.cpp(67)] SGRenderLog:CheckUpdate finish: new version:3
[15112:26748:0525/225242.447:WARNING:t_skinfilemap.cpp(63)] SGRenderLog:CheckUpdate newMem.OpenMem Suc, szNewMem:Local\sgime_skin.v3.filemap.sogouime
[15112:26748:0525/225242.447:WARNING:t_skinfilemap.cpp(65)] SGRenderLog:CheckUpdate finish: old version:1
[15112:26748:0525/225242.447:WARNING:t_skinfilemap.cpp(67)] SGRenderLog:CheckUpdate finish: new version:3
[24552:12344:0525/225324.686:WARNING:t_skinfilemap.cpp(63)] SGRenderLog:CheckUpdate newMem.OpenMem Suc, szNewMem:Local\sgime_skin.v3.filemap.sogouime
[24552:12344:0525/225324.687:WARNING:t_skinfilemap.cpp(65)] SGRenderLog:CheckUpdate finish: old version:1
[24552:12344:0525/225324.687:WARNING:t_skinfilemap.cpp(67)] SGRenderLog:CheckUpdate finish: new version:3
[39312:21944:0525/225404.867:WARNING:t_skinfilemap.cpp(63)] SGRenderLog:CheckUpdate newMem.OpenMem Suc, szNewMem:Local\sgime_skin.v3.filemap.sogouime
[39312:21944:0525/225404.867:WARNING:t_skinfilemap.cpp(65)] SGRenderLog:CheckUpdate finish: old version:1
[39312:21944:0525/225404.867:WARNING:t_skinfilemap.cpp(67)] SGRenderLog:CheckUpdate finish: new version:3
[32856:34952:0525/225459.501:WARNING:t_skinfilemap.cpp(63)] SGRenderLog:CheckUpdate newMem.OpenMem Suc, szNewMem:Local\sgime_skin.v3.filemap.sogouime
[32856:34952:0525/225459.501:WARNING:t_skinfilemap.cpp(65)] SGRenderLog:CheckUpdate finish: old version:1
[32856:34952:0525/225459.501:WARNING:t_skinfilemap.cpp(67)] SGRenderLog:CheckUpdate finish: new version:3
[37864:20936:0525/225601.656:WARNING:t_skinfilemap.cpp(63)] SGRenderLog:CheckUpdate newMem.OpenMem Suc, szNewMem:Local\sgime_skin.v3.filemap.sogouime
[37864:20936:0525/225601.656:WARNING:t_skinfilemap.cpp(65)] SGRenderLog:CheckUpdate finish: old version:1
[37864:20936:0525/225601.656:WARNING:t_skinfilemap.cpp(67)] SGRenderLog:CheckUpdate finish: new version:3
[14436:16536:0525/230905.201:WARNING:t_skinfilemap.cpp(63)] SGRenderLog:CheckUpdate newMem.OpenMem Suc, szNewMem:Local\sgime_skin.v3.filemap.sogouime
[14436:16536:0525/230905.201:WARNING:t_skinfilemap.cpp(65)] SGRenderLog:CheckUpdate finish: old version:1
[14436:16536:0525/230905.201:WARNING:t_skinfilemap.cpp(67)] SGRenderLog:CheckUpdate finish: new version:3
[44284:32184:0525/231321.581:WARNING:t_skinfilemap.cpp(56)] SGRenderLog:CheckUpdate newMem.OpenMem failed, szNewMem:Local\sgime_skin.v3.filemap.sogouime err:系统错误2: 系统找不到指定的文件。  
打开Filemap失败: Local\sgime_skin.v3.filemap.sogouime3285cbaaa57
[44284:32184:0525/231321.582:WARNING:t_skinfilemap.cpp(65)] SGRenderLog:CheckUpdate finish: old version:1
[44284:32184:0525/231321.582:WARNING:t_skinfilemap.cpp(67)] SGRenderLog:CheckUpdate finish: new version:3
[7548:9352:0525/231434.517:WARNING:t_skinfilemap.cpp(56)] SGRenderLog:CheckUpdate newMem.OpenMem failed, szNewMem:Local\sgime_skin.v3.filemap.sogouime err:系统错误2: 系统找不到指定的文件。  
打开Filemap失败: Local\sgime_skin.v3.filemap.sogouime3285cbaaa57
[7548:9352:0525/231434.517:WARNING:t_skinfilemap.cpp(65)] SGRenderLog:CheckUpdate finish: old version:1
[7548:9352:0525/231434.517:WARNING:t_skinfilemap.cpp(67)] SGRenderLog:CheckUpdate finish: new version:3
[13896:4972:0525/231611.285:WARNING:t_skinfilemap.cpp(56)] SGRenderLog:CheckUpdate newMem.OpenMem failed, szNewMem:Local\sgime_skin.v3.filemap.sogouime err:系统错误2: 系统找不到指定的文件。  
打开Filemap失败: Local\sgime_skin.v3.filemap.sogouime3285cbaaa57
[13896:4972:0525/231611.285:WARNING:t_skinfilemap.cpp(65)] SGRenderLog:CheckUpdate finish: old version:1
[13896:4972:0525/231611.285:WARNING:t_skinfilemap.cpp(67)] SGRenderLog:CheckUpdate finish: new version:3
[18492:36956:0525/231703.445:WARNING:t_skinfilemap.cpp(56)] SGRenderLog:CheckUpdate newMem.OpenMem failed, szNewMem:Local\sgime_skin.v3.filemap.sogouime err:系统错误2: 系统找不到指定的文件。  
打开Filemap失败: Local\sgime_skin.v3.filemap.sogouime3285cbaaa57
[18492:36956:0525/231703.445:WARNING:t_skinfilemap.cpp(65)] SGRenderLog:CheckUpdate finish: old version:1
[18492:36956:0525/231703.445:WARNING:t_skinfilemap.cpp(67)] SGRenderLog:CheckUpdate finish: new version:3
[11144:26484:0525/231850.791:WARNING:t_skinfilemap.cpp(56)] SGRenderLog:CheckUpdate newMem.OpenMem failed, szNewMem:Local\sgime_skin.v3.filemap.sogouime err:系统错误2: 系统找不到指定的文件。  
打开Filemap失败: Local\sgime_skin.v3.filemap.sogouime3285cbaaa57
[11144:26484:0525/231850.791:WARNING:t_skinfilemap.cpp(65)] SGRenderLog:CheckUpdate finish: old version:1
[11144:26484:0525/231850.791:WARNING:t_skinfilemap.cpp(67)] SGRenderLog:CheckUpdate finish: new version:3
[42524:7388:0525/231941.317:WARNING:t_skinfilemap.cpp(56)] SGRenderLog:CheckUpdate newMem.OpenMem failed, szNewMem:Local\sgime_skin.v3.filemap.sogouime err:系统错误2: 系统找不到指定的文件。  
打开Filemap失败: Local\sgime_skin.v3.filemap.sogouime3285cbaaa57
[42524:7388:0525/231941.317:WARNING:t_skinfilemap.cpp(65)] SGRenderLog:CheckUpdate finish: old version:1
[42524:7388:0525/231941.317:WARNING:t_skinfilemap.cpp(67)] SGRenderLog:CheckUpdate finish: new version:3
[17748:40264:0525/232032.389:WARNING:t_skinfilemap.cpp(56)] SGRenderLog:CheckUpdate newMem.OpenMem failed, szNewMem:Local\sgime_skin.v3.filemap.sogouime err:系统错误2: 系统找不到指定的文件。  
打开Filemap失败: Local\sgime_skin.v3.filemap.sogouime3285cbaaa57
[17748:40264:0525/232032.389:WARNING:t_skinfilemap.cpp(65)] SGRenderLog:CheckUpdate finish: old version:1
[17748:40264:0525/232032.389:WARNING:t_skinfilemap.cpp(67)] SGRenderLog:CheckUpdate finish: new version:3
[22768:42320:0525/232138.490:WARNING:t_skinfilemap.cpp(56)] SGRenderLog:CheckUpdate newMem.OpenMem failed, szNewMem:Local\sgime_skin.v3.filemap.sogouime err:系统错误2: 系统找不到指定的文件。  
打开Filemap失败: Local\sgime_skin.v3.filemap.sogouime3285cbaaa57
[22768:42320:0525/232138.490:WARNING:t_skinfilemap.cpp(65)] SGRenderLog:CheckUpdate finish: old version:1
[22768:42320:0525/232138.490:WARNING:t_skinfilemap.cpp(67)] SGRenderLog:CheckUpdate finish: new version:3
[2140:5028:0525/235457.263:WARNING:t_skinfilemap.cpp(56)] SGRenderLog:CheckUpdate newMem.OpenMem failed, szNewMem:Local\sgime_skin.v3.filemap.sogouime err:系统错误2: 系统找不到指定的文件。  
打开Filemap失败: Local\sgime_skin.v3.filemap.sogouime3285cbaaa57
[2140:5028:0525/235457.263:WARNING:t_skinfilemap.cpp(65)] SGRenderLog:CheckUpdate finish: old version:1
[2140:5028:0525/235457.263:WARNING:t_skinfilemap.cpp(67)] SGRenderLog:CheckUpdate finish: new version:3
[6564:28204:0525/235704.148:WARNING:t_skinfilemap.cpp(56)] SGRenderLog:CheckUpdate newMem.OpenMem failed, szNewMem:Local\sgime_skin.v3.filemap.sogouime err:系统错误2: 系统找不到指定的文件。  
打开Filemap失败: Local\sgime_skin.v3.filemap.sogouime3285cbaaa57
[6564:28204:0525/235704.148:WARNING:t_skinfilemap.cpp(65)] SGRenderLog:CheckUpdate finish: old version:1
[6564:28204:0525/235704.148:WARNING:t_skinfilemap.cpp(67)] SGRenderLog:CheckUpdate finish: new version:3
